<?xml version="1.0" encoding="UTF-8"?>
<!-- Generated by org.testng.reporters.JUnitReportReporter -->
<testsuite hostname="SARTHAK" failures="0" tests="1" name="com.flipkart.test.FlipkartTest" time="58.860" errors="0" timestamp="2020-12-21T12:58:41 IST" skipped="0">
  <testcase classname="com.flipkart.test.FlipkartTest" name="pumaShoes" time="58.860"/>
  <system-out/>
</testsuite> <!-- com.flipkart.test.FlipkartTest -->
