<?xml version="1.0" encoding="UTF-8"?>
<!-- Generated by org.testng.reporters.JUnitReportReporter -->
<testsuite hostname="SARTHAK" failures="0" tests="1" name="com.flipkart.test.FlipkartTest" time="53.870" errors="0" timestamp="2020-12-18T16:18:28 IST" skipped="0">
  <testcase classname="com.flipkart.test.FlipkartTest" name="flightBooking" time="53.870"/>
  <system-out/>
</testsuite> <!-- com.flipkart.test.FlipkartTest -->
