<?xml version="1.0" encoding="UTF-8"?>
<!-- Generated by org.testng.reporters.JUnitReportReporter -->
<testsuite hostname="SARTHAK" failures="0" tests="1" name="com.flipkart.test.FlipkartTest" time="43.528" errors="0" timestamp="2020-12-16T10:53:52 IST" skipped="0">
  <testcase classname="com.flipkart.test.FlipkartTest" name="test" time="43.528"/>
  <system-out/>
</testsuite> <!-- com.flipkart.test.FlipkartTest -->
